# JRE version: Java(TM) SE Runtime Environment (8.0_151-b12) (build 1.8.0_151-b12)
# Java VM: Java HotSpot(TM) 64-Bit Server VM (25.151-b12 mixed mode windows-amd64 compressed oops)
Heap:
 PSYoungGen      total 38400K, used 20508K [0x00000000d5d80000, 0x00000000d9200000, 0x0000000100000000)
  eden space 33280K, 48% used [0x00000000d5d80000,0x00000000d6d59c88,0x00000000d7e00000)
  from space 5120K, 83% used [0x00000000d7e00000,0x00000000d822d5d0,0x00000000d8300000)
  to   space 5120K, 0% used [0x00000000d8d00000,0x00000000d8d00000,0x00000000d9200000)
 ParOldGen       total 76800K, used 10124K [0x0000000081800000, 0x0000000086300000, 0x00000000d5d80000)
  object space 76800K, 13% used [0x0000000081800000,0x00000000821e30a8,0x0000000086300000)
 Metaspace       used 25409K, capacity 27054K, committed 27136K, reserved 1073152K
  class space    used 3504K, capacity 3806K, committed 3840K, reserved 1048576K
GC Heap History (8 events):
Event: 1.236 GC heap before
{Heap before GC invocations=1 (full 0):
 PSYoungGen      total 38400K, used 33280K [0x00000000d5d80000, 0x00000000d8800000, 0x0000000100000000)
  eden space 33280K, 100% used [0x00000000d5d80000,0x00000000d7e00000,0x00000000d7e00000)
  from space 5120K, 0% used [0x00000000d8300000,0x00000000d8300000,0x00000000d8800000)
  to   space 5120K, 0% used [0x00000000d7e00000,0x00000000d7e00000,0x00000000d8300000)
 ParOldGen       total 87552K, used 0K [0x0000000081800000, 0x0000000086d80000, 0x00000000d5d80000)
  object space 87552K, 0% used [0x0000000081800000,0x0000000081800000,0x0000000086d80000)
 Metaspace       used 14700K, capacity 15090K, committed 15360K, reserved 1062912K
  class space    used 1806K, capacity 1926K, committed 2048K, reserved 1048576K
Event: 1.243 GC heap after
Heap after GC invocations=1 (full 0):
 PSYoungGen      total 38400K, used 5115K [0x00000000d5d80000, 0x00000000d8800000, 0x0000000100000000)
  eden space 33280K, 0% used [0x00000000d5d80000,0x00000000d5d80000,0x00000000d7e00000)
  from space 5120K, 99% used [0x00000000d7e00000,0x00000000d82fed98,0x00000000d8300000)
  to   space 5120K, 0% used [0x00000000d8300000,0x00000000d8300000,0x00000000d8800000)
 ParOldGen       total 87552K, used 674K [0x0000000081800000, 0x0000000086d80000, 0x00000000d5d80000)
  object space 87552K, 0% used [0x0000000081800000,0x00000000818a8958,0x0000000086d80000)
 Metaspace       used 14700K, capacity 15090K, committed 15360K, reserved 1062912K
  class space    used 1806K, capacity 1926K, committed 2048K, reserved 1048576K
}
Event: 3.043 GC heap before
{Heap before GC invocations=2 (full 0):
 PSYoungGen      total 38400K, used 30727K [0x00000000d5d80000, 0x00000000d8800000, 0x0000000100000000)
  eden space 33280K, 76% used [0x00000000d5d80000,0x00000000d76831f8,0x00000000d7e00000)
  from space 5120K, 99% used [0x00000000d7e00000,0x00000000d82fed98,0x00000000d8300000)
  to   space 5120K, 0% used [0x00000000d8300000,0x00000000d8300000,0x00000000d8800000)
 ParOldGen       total 87552K, used 674K [0x0000000081800000, 0x0000000086d80000, 0x00000000d5d80000)
  object space 87552K, 0% used [0x0000000081800000,0x00000000818a8958,0x0000000086d80000)
 Metaspace       used 20608K, capacity 21256K, committed 21296K, reserved 1067008K
  class space    used 2776K, capacity 2929K, committed 2944K, reserved 1048576K
Event: 3.053 GC heap after
Heap after GC invocations=2 (full 0):
 PSYoungGen      total 38400K, used 5106K [0x00000000d5d80000, 0x00000000d8800000, 0x0000000100000000)
  eden space 33280K, 0% used [0x00000000d5d80000,0x00000000d5d80000,0x00000000d7e00000)
  from space 5120K, 99% used [0x00000000d8300000,0x00000000d87fcab0,0x00000000d8800000)
  to   space 5120K, 0% used [0x00000000d7e00000,0x00000000d7e00000,0x00000000d8300000)
 ParOldGen       total 87552K, used 7775K [0x0000000081800000, 0x0000000086d80000, 0x00000000d5d80000)
  object space 87552K, 8% used [0x0000000081800000,0x0000000081f97fb0,0x0000000086d80000)
 Metaspace       used 20608K, capacity 21256K, committed 21296K, reserved 1067008K
  class space    used 2776K, capacity 2929K, committed 2944K, reserved 1048576K
}
Event: 3.053 GC heap before
{Heap before GC invocations=3 (full 1):
 PSYoungGen      total 38400K, used 5106K [0x00000000d5d80000, 0x00000000d8800000, 0x0000000100000000)
  eden space 33280K, 0% used [0x00000000d5d80000,0x00000000d5d80000,0x00000000d7e00000)
  from space 5120K, 99% used [0x00000000d8300000,0x00000000d87fcab0,0x00000000d8800000)
  to   space 5120K, 0% used [0x00000000d7e00000,0x00000000d7e00000,0x00000000d8300000)
 ParOldGen       total 87552K, used 7775K [0x0000000081800000, 0x0000000086d80000, 0x00000000d5d80000)
  object space 87552K, 8% used [0x0000000081800000,0x0000000081f97fb0,0x0000000086d80000)
 Metaspace       used 20608K, capacity 21256K, committed 21296K, reserved 1067008K
  class space    used 2776K, capacity 2929K, committed 2944K, reserved 1048576K
Event: 3.096 GC heap after
Heap after GC invocations=3 (full 1):
 PSYoungGen      total 38400K, used 0K [0x00000000d5d80000, 0x00000000d8800000, 0x0000000100000000)
  eden space 33280K, 0% used [0x00000000d5d80000,0x00000000d5d80000,0x00000000d7e00000)
  from space 5120K, 0% used [0x00000000d8300000,0x00000000d8300000,0x00000000d8800000)
  to   space 5120K, 0% used [0x00000000d7e00000,0x00000000d7e00000,0x00000000d8300000)
 ParOldGen       total 76800K, used 10116K [0x0000000081800000, 0x0000000086300000, 0x00000000d5d80000)
  object space 76800K, 13% used [0x0000000081800000,0x00000000821e10a8,0x0000000086300000)
 Metaspace       used 20608K, capacity 21256K, committed 21296K, reserved 1067008K
  class space    used 2776K, capacity 2929K, committed 2944K, reserved 1048576K
}
Event: 3.899 GC heap before
{Heap before GC invocations=4 (full 1):
 PSYoungGen      total 38400K, used 33280K [0x00000000d5d80000, 0x00000000d8800000, 0x0000000100000000)
  eden space 33280K, 100% used [0x00000000d5d80000,0x00000000d7e00000,0x00000000d7e00000)
  from space 5120K, 0% used [0x00000000d8300000,0x00000000d8300000,0x00000000d8800000)
  to   space 5120K, 0% used [0x00000000d7e00000,0x00000000d7e00000,0x00000000d8300000)
 ParOldGen       total 76800K, used 10116K [0x0000000081800000, 0x0000000086300000, 0x00000000d5d80000)
  object space 76800K, 13% used [0x0000000081800000,0x00000000821e10a8,0x0000000086300000)
 Metaspace       used 24199K, capacity 25786K, committed 25984K, reserved 1071104K
  class space    used 3397K, capacity 3678K, committed 3712K, reserved 1048576K
Event: 3.905 GC heap after
Heap after GC invocations=4 (full 1):
 PSYoungGen      total 38400K, used 4277K [0x00000000d5d80000, 0x00000000d9200000, 0x0000000100000000)
  eden space 33280K, 0% used [0x00000000d5d80000,0x00000000d5d80000,0x00000000d7e00000)
  from space 5120K, 83% used [0x00000000d7e00000,0x00000000d822d5d0,0x00000000d8300000)
  to   space 5120K, 0% used [0x00000000d8d00000,0x00000000d8d00000,0x00000000d9200000)
 ParOldGen       total 76800K, used 10124K [0x0000000081800000, 0x0000000086300000, 0x00000000d5d80000)
  object space 76800K, 13% used [0x0000000081800000,0x00000000821e30a8,0x0000000086300000)
 Metaspace       used 24199K, capacity 25786K, committed 25984K, reserved 1071104K
  class space    used 3397K, capacity 3678K, committed 3712K, reserved 1048576K
}

